<?xml version="1.0" encoding="UTF-8"?>
<testng-results skipped="0" failed="0" ignored="0" total="1" passed="1">
  <reporter-output>
  </reporter-output>
  <suite name="Default suite" duration-ms="42754" started-at="2019-02-03T11:20:17Z" finished-at="2019-02-03T11:21:00Z">
    <groups>
    </groups>
    <test name="Default test" duration-ms="42754" started-at="2019-02-03T11:20:17Z" finished-at="2019-02-03T11:21:00Z">
      <class name="com.training.sanity.tests.RETC_008Tests">
        <test-method status="PASS" signature="setUpBeforeClass()[pri:0, instance:com.training.sanity.tests.RETC_008Tests@482f8f11]" name="setUpBeforeClass" is-config="true" duration-ms="16" started-at="2019-02-03T16:50:17Z" finished-at="2019-02-03T16:50:17Z">
          <reporter-output>
          </reporter-output>
        </test-method> <!-- setUpBeforeClass -->
        <test-method status="PASS" signature="setUp()[pri:0, instance:com.training.sanity.tests.RETC_008Tests@482f8f11]" name="setUp" is-config="true" duration-ms="27785" started-at="2019-02-03T16:50:17Z" finished-at="2019-02-03T16:50:45Z">
          <reporter-output>
          </reporter-output>
        </test-method> <!-- setUp -->
        <test-method status="PASS" signature="validRETC_008Test()[pri:0, instance:com.training.sanity.tests.RETC_008Tests@482f8f11]" name="validRETC_008Test" duration-ms="12792" started-at="2019-02-03T16:50:45Z" finished-at="2019-02-03T16:50:57Z">
          <reporter-output>
          </reporter-output>
        </test-method> <!-- validRETC_008Test -->
        <test-method status="PASS" signature="tearDown()[pri:0, instance:com.training.sanity.tests.RETC_008Tests@482f8f11]" name="tearDown" is-config="true" duration-ms="2142" started-at="2019-02-03T16:50:57Z" finished-at="2019-02-03T16:51:00Z">
          <reporter-output>
          </reporter-output>
        </test-method> <!-- tearDown -->
      </class> <!-- com.training.sanity.tests.RETC_008Tests -->
    </test> <!-- Default test -->
  </suite> <!-- Default suite -->
</testng-results>
